<?xml version="1.0" encoding="UTF-8"?>
<testsuite name="com.galvanize.geometry.GeometryTest" tests="16" skipped="0" failures="0" errors="0" timestamp="2021-01-25T22:58:01" hostname="LAPTOP-S57OD5Q8" time="0.199">
  <properties/>
  <testcase name="createCirleWithRadius()" classname="com.galvanize.geometry.GeometryTest" time="0.044"/>
  <testcase name="getColorOfShape()" classname="com.galvanize.geometry.GeometryTest" time="0.003"/>
  <testcase name="createCirleWithoutRadius()" classname="com.galvanize.geometry.GeometryTest" time="0.007"/>
  <testcase name="getPerimeterOfShape()" classname="com.galvanize.geometry.GeometryTest" time="0.001"/>
  <testcase name="placeShapeOnCartesianPlane()" classname="com.galvanize.geometry.GeometryTest" time="0.01"/>
  <testcase name="createPoint()" classname="com.galvanize.geometry.GeometryTest" time="0.0"/>
  <testcase name="retrieveCenterLocationOfShape()" classname="com.galvanize.geometry.GeometryTest" time="0.001"/>
  <testcase name="displayRepresentation()" classname="com.galvanize.geometry.GeometryTest" time="0.105"/>
  <testcase name="getAreaOfShape()" classname="com.galvanize.geometry.GeometryTest" time="0.001"/>
  <testcase name="distanceBetweenTwoShapes()" classname="com.galvanize.geometry.GeometryTest" time="0.001"/>
  <testcase name="moveAnyShapeOnPlane()" classname="com.galvanize.geometry.GeometryTest" time="0.001"/>
  <testcase name="getLengthAndWidth_rectangle()" classname="com.galvanize.geometry.GeometryTest" time="0.001"/>
  <testcase name="retrieveCenterLocationOfShapeNotOnPlane()" classname="com.galvanize.geometry.GeometryTest" time="0.0"/>
  <testcase name="changeLengthAndWidth_rectangle()" classname="com.galvanize.geometry.GeometryTest" time="0.0"/>
  <testcase name="changeRadiusOfACircle()" classname="com.galvanize.geometry.GeometryTest" time="0.001"/>
  <testcase name="getLengthAndWidth_returnOne_rectangle()" classname="com.galvanize.geometry.GeometryTest" time="0.001"/>
  <system-out><![CDATA[]]></system-out>
  <system-err><![CDATA[]]></system-err>
</testsuite>
